2016-11-04T10:35:05.695+01:00 INFO    SimulatorItemWrapper{entity=MatierePremiere{Prix{2016-11-04 10:35:05 38105361, 936.250}, Platine, Cours platine}, Variation{+ 0.000%}}
2016-11-04T10:35:05.706+01:00 INFO    SimulatorItemWrapper{entity=MatierePremiere{Prix{2016-11-04 10:35:05 38105361, 68.700}, Coton, Cours coton}, Variation{- 0.000%}}
2016-11-04T10:35:05.768+01:00 INFO    SimulatorItemWrapper{entity=MatierePremiere{Prix{2016-11-04 10:35:05 38105357, 50.360}, Pétrole, Cours pétrole}, Variation{+ 0.000%}}
2016-11-04T10:35:05.776+01:00 INFO    SimulatorItemWrapper{entity=MatierePremiere{Prix{2016-11-04 10:35:05 38105707, 66.005}, Coton, Cours coton}, Variation{- 0.040%}}
2016-11-04T10:35:05.804+01:00 INFO    SimulatorItemWrapper{entity=MatierePremiere{Prix{2016-11-04 10:35:05 38105361, 997.380}, Soja, Cours soja}, Variation{- 0.000%}}
2016-11-04T10:35:05.807+01:00 INFO    SimulatorItemWrapper{entity=MatierePremiere{Prix{2016-11-04 10:35:05 38105361, 1262.090}, Or, Cours or}, Variation{+ 0.000%}}
2016-11-04T10:35:05.828+01:00 INFO    SimulatorItemWrapper{entity=MatierePremiere{Prix{2016-11-04 10:35:05 38105361, 50.360}, Gaz naturel, Cours gaz naturel}, Variation{+ 0.000%}}
2016-11-04T10:35:05.875+01:00 INFO    SimulatorItemWrapper{entity=MatierePremiere{Prix{2016-11-04 10:35:05 38105361, 51.340}, Brebt oil, Cours brent}, Variation{- 0.000%}}
2016-11-04T10:35:05.914+01:00 INFO    SimulatorItemWrapper{entity=MatierePremiere{Prix{2016-11-04 10:35:05 38105361, 157.730}, Café C, Cours café}, Variation{- 0.000%}}
2016-11-04T10:35:05.951+01:00 INFO    SimulatorItemWrapper{entity=MatierePremiere{Prix{2016-11-04 10:35:05 38105361, 402.800}, Blé, Cours blé}, Variation{+ 0.000%}}
2016-11-04T10:35:05.994+01:00 INFO    SimulatorItemWrapper{entity=MatierePremiere{Prix{2016-11-04 10:35:05 38105769, 51.268}, Pétrole, Cours pétrole}, Variation{+ 0.019%}}
2016-11-04T10:35:06.050+01:00 INFO    SimulatorItemWrapper{entity=MatierePremiere{Prix{2016-11-04 10:35:05 38105915, 156.000}, Café C, Cours café}, Variation{- 0.011%}}
2016-11-04T10:35:06.051+01:00 INFO    SimulatorItemWrapper{entity=MatierePremiere{Prix{2016-11-04 10:35:06 38106050, 1013.431}, Platine, Cours platine}, Variation{+ 0.036%}}
2016-11-04T10:35:06.092+01:00 INFO    SimulatorItemWrapper{entity=MatierePremiere{Prix{2016-11-04 10:35:05 38105995, 52.726}, Pétrole, Cours pétrole}, Variation{+ 0.029%}}
2016-11-04T10:35:06.114+01:00 INFO    SimulatorItemWrapper{entity=MatierePremiere{Prix{2016-11-04 10:35:05 38105829, 52.389}, Gaz naturel, Cours gaz naturel}, Variation{+ 0.041%}}
2016-11-04T10:35:06.123+01:00 INFO    SimulatorItemWrapper{entity=MatierePremiere{Prix{2016-11-04 10:35:06 38106052, 149.645}, Café C, Cours café}, Variation{- 0.041%}}
2016-11-04T10:35:06.131+01:00 INFO    SimulatorItemWrapper{entity=MatierePremiere{Prix{2016-11-04 10:35:05 38105805, 982.877}, Soja, Cours soja}, Variation{- 0.015%}}
2016-11-04T10:35:06.151+01:00 INFO    SimulatorItemWrapper{entity=MatierePremiere{Prix{2016-11-04 10:35:05 38105808, 1314.964}, Or, Cours or}, Variation{+ 0.042%}}
2016-11-04T10:35:06.239+01:00 INFO    SimulatorItemWrapper{entity=MatierePremiere{Prix{2016-11-04 10:35:06 38106050, 1013.431}, Platine, Cours platine}, Variation{+ 0.036%}}
2016-11-04T10:35:06.266+01:00 INFO    SimulatorItemWrapper{entity=MatierePremiere{Prix{2016-11-04 10:35:05 38105777, 64.050}, Coton, Cours coton}, Variation{- 0.030%}}
2016-11-04T10:35:06.271+01:00 INFO    SimulatorItemWrapper{entity=MatierePremiere{Prix{2016-11-04 10:35:05 38105952, 409.144}, Blé, Cours blé}, Variation{+ 0.016%}}
2016-11-04T10:35:06.279+01:00 INFO    SimulatorItemWrapper{entity=MatierePremiere{Prix{2016-11-04 10:35:06 38106132, 959.580}, Soja, Cours soja}, Variation{- 0.024%}}
2016-11-04T10:35:06.304+01:00 INFO    SimulatorItemWrapper{entity=MatierePremiere{Prix{2016-11-04 10:35:05 38105876, 49.279}, Brebt oil, Cours brent}, Variation{- 0.041%}}
2016-11-04T10:35:06.305+01:00 INFO    SimulatorItemWrapper{entity=MatierePremiere{Prix{2016-11-04 10:35:06 38106305, 1089.069}, Platine, Cours platine}, Variation{+ 0.039%}}
2016-11-04T10:35:06.318+01:00 INFO    SimulatorItemWrapper{entity=MatierePremiere{Prix{2016-11-04 10:35:06 38106152, 1328.622}, Or, Cours or}, Variation{+ 0.011%}}
2016-11-04T10:35:06.349+01:00 INFO    SimulatorItemWrapper{entity=MatierePremiere{Prix{2016-11-04 10:35:06 38106305, 1089.069}, Platine, Cours platine}, Variation{+ 0.039%}}
2016-11-04T10:35:06.363+01:00 INFO    SimulatorItemWrapper{entity=MatierePremiere{Prix{2016-11-04 10:35:06 38106268, 61.532}, Coton, Cours coton}, Variation{- 0.040%}}
2016-11-04T10:35:06.391+01:00 INFO    SimulatorItemWrapper{entity=MatierePremiere{Prix{2016-11-04 10:35:06 38106272, 426.414}, Blé, Cours blé}, Variation{+ 0.043%}}
2016-11-04T10:35:06.396+01:00 INFO    SimulatorItemWrapper{entity=MatierePremiere{Prix{2016-11-04 10:35:06 38106093, 54.983}, Pétrole, Cours pétrole}, Variation{+ 0.043%}}
2016-11-04T10:35:06.413+01:00 INFO    SimulatorItemWrapper{entity=MatierePremiere{Prix{2016-11-04 10:35:06 38106124, 142.516}, Café C, Cours café}, Variation{- 0.048%}}
2016-11-04T10:35:06.491+01:00 INFO    SimulatorItemWrapper{entity=MatierePremiere{Prix{2016-11-04 10:35:06 38106397, 56.320}, Pétrole, Cours pétrole}, Variation{+ 0.025%}}
2016-11-04T10:35:06.499+01:00 INFO    SimulatorItemWrapper{entity=MatierePremiere{Prix{2016-11-04 10:35:06 38106392, 440.012}, Blé, Cours blé}, Variation{+ 0.032%}}
2016-11-04T10:35:06.560+01:00 INFO    SimulatorItemWrapper{entity=MatierePremiere{Prix{2016-11-04 10:35:06 38106115, 53.735}, Gaz naturel, Cours gaz naturel}, Variation{+ 0.026%}}
2016-11-04T10:35:06.587+01:00 INFO    SimulatorItemWrapper{entity=MatierePremiere{Prix{2016-11-04 10:35:06 38106364, 59.700}, Coton, Cours coton}, Variation{- 0.030%}}
2016-11-04T10:35:06.666+01:00 INFO    SimulatorItemWrapper{entity=MatierePremiere{Prix{2016-11-04 10:35:06 38106281, 942.200}, Soja, Cours soja}, Variation{- 0.019%}}
2016-11-04T10:35:06.688+01:00 INFO    SimulatorItemWrapper{entity=MatierePremiere{Prix{2016-11-04 10:35:06 38106319, 1366.625}, Or, Cours or}, Variation{+ 0.029%}}
2016-11-04T10:35:06.703+01:00 INFO    SimulatorItemWrapper{entity=MatierePremiere{Prix{2016-11-04 10:35:06 38106306, 48.390}, Brebt oil, Cours brent}, Variation{- 0.019%}}
2016-11-04T10:35:06.717+01:00 INFO    SimulatorItemWrapper{entity=MatierePremiere{Prix{2016-11-04 10:35:06 38106667, 904.737}, Soja, Cours soja}, Variation{- 0.040%}}
2016-11-04T10:35:06.722+01:00 INFO    SimulatorItemWrapper{entity=MatierePremiere{Prix{2016-11-04 10:35:06 38106561, 55.386}, Gaz naturel, Cours gaz naturel}, Variation{+ 0.031%}}
2016-11-04T10:35:06.812+01:00 INFO    SimulatorItemWrapper{entity=MatierePremiere{Prix{2016-11-04 10:35:06 38106350, 1127.023}, Platine, Cours platine}, Variation{+ 0.035%}}
2016-11-04T10:35:06.816+01:00 INFO    SimulatorItemWrapper{entity=MatierePremiere{Prix{2016-11-04 10:35:06 38106588, 57.217}, Coton, Cours coton}, Variation{- 0.042%}}
2016-11-04T10:35:06.836+01:00 INFO    SimulatorItemWrapper{entity=MatierePremiere{Prix{2016-11-04 10:35:06 38106704, 47.900}, Brebt oil, Cours brent}, Variation{- 0.011%}}
2016-11-04T10:35:06.877+01:00 INFO    SimulatorItemWrapper{entity=MatierePremiere{Prix{2016-11-04 10:35:06 38106492, 58.918}, Pétrole, Cours pétrole}, Variation{+ 0.047%}}
2016-11-04T10:35:06.893+01:00 INFO    SimulatorItemWrapper{entity=MatierePremiere{Prix{2016-11-04 10:35:06 38106415, 140.948}, Café C, Cours café}, Variation{- 0.012%}}
2016-11-04T10:35:06.896+01:00 INFO    SimulatorItemWrapper{entity=MatierePremiere{Prix{2016-11-04 10:35:06 38106500, 459.685}, Blé, Cours blé}, Variation{+ 0.045%}}
2016-11-04T10:35:06.915+01:00 INFO    SimulatorItemWrapper{entity=MatierePremiere{Prix{2016-11-04 10:35:06 38106689, 1433.907}, Or, Cours or}, Variation{+ 0.050%}}
2016-11-04T10:35:06.964+01:00 INFO    SimulatorItemWrapper{entity=MatierePremiere{Prix{2016-11-04 10:35:06 38106722, 57.284}, Gaz naturel, Cours gaz naturel}, Variation{+ 0.035%}}
2016-11-04T10:35:06.977+01:00 INFO    SimulatorItemWrapper{entity=MatierePremiere{Prix{2016-11-04 10:35:06 38106837, 47.034}, Brebt oil, Cours brent}, Variation{- 0.019%}}
2016-11-04T10:35:07.016+01:00 INFO    SimulatorItemWrapper{entity=MatierePremiere{Prix{2016-11-04 10:35:06 38106878, 59.917}, Pétrole, Cours pétrole}, Variation{+ 0.017%}}
2016-11-04T10:35:07.032+01:00 INFO    SimulatorItemWrapper{entity=MatierePremiere{Prix{2016-11-04 10:35:06 38106978, 45.733}, Brebt oil, Cours brent}, Variation{- 0.028%}}
2016-11-04T10:35:07.097+01:00 INFO    SimulatorItemWrapper{entity=MatierePremiere{Prix{2016-11-04 10:35:06 38106718, 884.012}, Soja, Cours soja}, Variation{- 0.023%}}
2016-11-04T10:35:07.102+01:00 INFO    SimulatorItemWrapper{entity=MatierePremiere{Prix{2016-11-04 10:35:06 38106916, 1452.110}, Or, Cours or}, Variation{+ 0.013%}}
2016-11-04T10:35:07.115+01:00 INFO    SimulatorItemWrapper{entity=MatierePremiere{Prix{2016-11-04 10:35:07 38107033, 44.394}, Brebt oil, Cours brent}, Variation{- 0.030%}}
2016-11-04T10:35:07.131+01:00 INFO    SimulatorItemWrapper{entity=MatierePremiere{Prix{2016-11-04 10:35:06 38106813, 1170.873}, Platine, Cours platine}, Variation{+ 0.039%}}
2016-11-04T10:35:07.193+01:00 INFO    SimulatorItemWrapper{entity=MatierePremiere{Prix{2016-11-04 10:35:06 38106894, 133.915}, Café C, Cours café}, Variation{- 0.050%}}
2016-11-04T10:35:07.194+01:00 INFO    SimulatorItemWrapper{entity=MatierePremiere{Prix{2016-11-04 10:35:06 38106816, 55.839}, Coton, Cours coton}, Variation{- 0.025%}}
2016-11-04T10:35:07.195+01:00 INFO    SimulatorItemWrapper{entity=MatierePremiere{Prix{2016-11-04 10:35:06 38106896, 472.309}, Blé, Cours blé}, Variation{+ 0.028%}}
2016-11-04T10:35:07.300+01:00 INFO    SimulatorItemWrapper{entity=MatierePremiere{Prix{2016-11-04 10:35:07 38107116, 42.421}, Brebt oil, Cours brent}, Variation{- 0.045%}}
2016-11-04T10:35:07.327+01:00 INFO    SimulatorItemWrapper{entity=MatierePremiere{Prix{2016-11-04 10:35:06 38106965, 60.060}, Gaz naturel, Cours gaz naturel}, Variation{+ 0.049%}}
2016-11-04T10:35:07.443+01:00 INFO    SimulatorItemWrapper{entity=MatierePremiere{Prix{2016-11-04 10:35:07 38107103, 1482.679}, Or, Cours or}, Variation{+ 0.022%}}
2016-11-04T10:35:07.448+01:00 INFO    SimulatorItemWrapper{entity=MatierePremiere{Prix{2016-11-04 10:35:07 38107195, 127.466}, Café C, Cours café}, Variation{- 0.049%}}
2016-11-04T10:35:07.449+01:00 INFO    SimulatorItemWrapper{entity=MatierePremiere{Prix{2016-11-04 10:35:07 38107131, 1204.151}, Platine, Cours platine}, Variation{+ 0.029%}}
2016-11-04T10:35:07.487+01:00 INFO    SimulatorItemWrapper{entity=MatierePremiere{Prix{2016-11-04 10:35:07 38107449, 1261.096}, Platine, Cours platine}, Variation{+ 0.048%}}
2016-11-04T10:35:07.499+01:00 INFO    SimulatorItemWrapper{entity=MatierePremiere{Prix{2016-11-04 10:35:07 38107018, 62.076}, Pétrole, Cours pétrole}, Variation{+ 0.037%}}
2016-11-04T10:35:07.566+01:00 INFO    SimulatorItemWrapper{entity=MatierePremiere{Prix{2016-11-04 10:35:07 38107098, 874.772}, Soja, Cours soja}, Variation{- 0.011%}}
2016-11-04T10:35:07.578+01:00 INFO    SimulatorItemWrapper{entity=MatierePremiere{Prix{2016-11-04 10:35:07 38107488, 1293.710}, Platine, Cours platine}, Variation{+ 0.026%}}
2016-11-04T10:35:07.604+01:00 INFO    SimulatorItemWrapper{entity=MatierePremiere{Prix{2016-11-04 10:35:07 38107194, 53.160}, Coton, Cours coton}, Variation{- 0.048%}}
2016-11-04T10:35:07.607+01:00 INFO    SimulatorItemWrapper{entity=MatierePremiere{Prix{2016-11-04 10:35:07 38107301, 41.246}, Brebt oil, Cours brent}, Variation{- 0.028%}}
2016-11-04T10:35:07.625+01:00 INFO    SimulatorItemWrapper{entity=MatierePremiere{Prix{2016-11-04 10:35:07 38107196, 493.742}, Blé, Cours blé}, Variation{+ 0.046%}}
2016-11-04T10:35:07.653+01:00 INFO    SimulatorItemWrapper{entity=MatierePremiere{Prix{2016-11-04 10:35:07 38107605, 50.839}, Coton, Cours coton}, Variation{- 0.044%}}
2016-11-04T10:35:07.683+01:00 INFO    SimulatorItemWrapper{entity=MatierePremiere{Prix{2016-11-04 10:35:07 38107567, 831.049}, Soja, Cours soja}, Variation{- 0.050%}}
2016-11-04T10:35:07.737+01:00 INFO    SimulatorItemWrapper{entity=MatierePremiere{Prix{2016-11-04 10:35:07 38107444, 1529.455}, Or, Cours or}, Variation{+ 0.032%}}
2016-11-04T10:35:07.738+01:00 INFO    SimulatorItemWrapper{entity=MatierePremiere{Prix{2016-11-04 10:35:07 38107737, 61.785}, Gaz naturel, Cours gaz naturel}, Variation{+ 0.018%}}
2016-11-04T10:35:07.746+01:00 INFO    SimulatorItemWrapper{entity=MatierePremiere{Prix{2016-11-04 10:35:07 38107449, 124.404}, Café C, Cours café}, Variation{- 0.025%}}
2016-11-04T10:35:07.779+01:00 INFO    SimulatorItemWrapper{entity=MatierePremiere{Prix{2016-11-04 10:35:07 38107626, 517.072}, Blé, Cours blé}, Variation{+ 0.048%}}
2016-11-04T10:35:07.779+01:00 INFO    SimulatorItemWrapper{entity=MatierePremiere{Prix{2016-11-04 10:35:07 38107779, 795.583}, Soja, Cours soja}, Variation{- 0.015%}}
2016-11-04T10:35:07.785+01:00 INFO    SimulatorItemWrapper{entity=MatierePremiere{Prix{2016-11-04 10:35:07 38107578, 1340.714}, Platine, Cours platine}, Variation{+ 0.037%}}
2016-11-04T10:35:07.787+01:00 INFO    SimulatorItemWrapper{entity=MatierePremiere{Prix{2016-11-04 10:35:07 38107500, 63.903}, Pétrole, Cours pétrole}, Variation{+ 0.030%}}
2016-11-04T10:35:07.914+01:00 INFO    SimulatorItemWrapper{entity=MatierePremiere{Prix{2016-11-04 10:35:07 38107607, 39.440}, Brebt oil, Cours brent}, Variation{- 0.044%}}
2016-11-04T10:35:07.923+01:00 INFO    SimulatorItemWrapper{entity=MatierePremiere{Prix{2016-11-04 10:35:07 38107654, 49.672}, Coton, Cours coton}, Variation{- 0.023%}}
2016-11-04T10:35:07.935+01:00 INFO    SimulatorItemWrapper{entity=MatierePremiere{Prix{2016-11-04 10:35:07 38107737, 61.785}, Gaz naturel, Cours gaz naturel}, Variation{+ 0.018%}}
2016-11-04T10:35:07.942+01:00 INFO    SimulatorItemWrapper{entity=MatierePremiere{Prix{2016-11-04 10:35:07 38107738, 1601.702}, Or, Cours or}, Variation{+ 0.048%}}
2016-11-04T10:35:07.948+01:00 INFO    SimulatorItemWrapper{entity=MatierePremiere{Prix{2016-11-04 10:35:07 38107787, 65.755}, Pétrole, Cours pétrole}, Variation{+ 0.029%}}
2016-11-04T10:35:07.961+01:00 INFO    SimulatorItemWrapper{entity=MatierePremiere{Prix{2016-11-04 10:35:07 38107923, 47.301}, Coton, Cours coton}, Variation{- 0.048%}}
2016-11-04T10:35:08.017+01:00 INFO    SimulatorItemWrapper{entity=MatierePremiere{Prix{2016-11-04 10:35:07 38107942, 1675.587}, Or, Cours or}, Variation{+ 0.047%}}
2016-11-04T10:35:08.112+01:00 INFO    SimulatorItemWrapper{entity=MatierePremiere{Prix{2016-11-04 10:35:08 38108018, 1693.755}, Or, Cours or}, Variation{+ 0.011%}}
2016-11-04T10:35:08.147+01:00 INFO    SimulatorItemWrapper{entity=MatierePremiere{Prix{2016-11-04 10:35:07 38107747, 120.142}, Café C, Cours café}, Variation{- 0.035%}}
2016-11-04T10:35:08.173+01:00 INFO    SimulatorItemWrapper{entity=MatierePremiere{Prix{2016-11-04 10:35:07 38107915, 37.591}, Brebt oil, Cours brent}, Variation{- 0.047%}}
2016-11-04T10:35:08.192+01:00 INFO    SimulatorItemWrapper{entity=MatierePremiere{Prix{2016-11-04 10:35:08 38108148, 115.399}, Café C, Cours café}, Variation{- 0.040%}}
2016-11-04T10:35:08.207+01:00 INFO    SimulatorItemWrapper{entity=MatierePremiere{Prix{2016-11-04 10:35:07 38107780, 530.069}, Blé, Cours blé}, Variation{+ 0.026%}}
2016-11-04T10:35:08.234+01:00 INFO    SimulatorItemWrapper{entity=MatierePremiere{Prix{2016-11-04 10:35:07 38107785, 1379.455}, Platine, Cours platine}, Variation{+ 0.029%}}
2016-11-04T10:35:08.268+01:00 INFO    SimulatorItemWrapper{entity=MatierePremiere{Prix{2016-11-04 10:35:08 38108113, 1733.827}, Or, Cours or}, Variation{+ 0.024%}}
2016-11-04T10:35:08.273+01:00 INFO    SimulatorItemWrapper{entity=MatierePremiere{Prix{2016-11-04 10:35:07 38107779, 795.583}, Soja, Cours soja}, Variation{- 0.015%}}
2016-11-04T10:35:08.282+01:00 INFO    SimulatorItemWrapper{entity=MatierePremiere{Prix{2016-11-04 10:35:08 38108173, 35.982}, Brebt oil, Cours brent}, Variation{- 0.043%}}
2016-11-04T10:35:08.316+01:00 INFO    SimulatorItemWrapper{entity=MatierePremiere{Prix{2016-11-04 10:35:07 38107961, 45.322}, Coton, Cours coton}, Variation{- 0.042%}}
2016-11-04T10:35:08.325+01:00 INFO    SimulatorItemWrapper{entity=MatierePremiere{Prix{2016-11-04 10:35:08 38108268, 1813.985}, Or, Cours or}, Variation{+ 0.047%}}
2016-11-04T10:35:08.327+01:00 INFO    SimulatorItemWrapper{entity=MatierePremiere{Prix{2016-11-04 10:35:07 38107935, 64.092}, Gaz naturel, Cours gaz naturel}, Variation{+ 0.038%}}
2016-11-04T10:35:08.416+01:00 INFO    SimulatorItemWrapper{entity=MatierePremiere{Prix{2016-11-04 10:35:08 38108325, 1842.066}, Or, Cours or}, Variation{+ 0.016%}}
2016-11-04T10:35:08.444+01:00 INFO    SimulatorItemWrapper{entity=MatierePremiere{Prix{2016-11-04 10:35:07 38107948, 68.043}, Pétrole, Cours pétrole}, Variation{+ 0.035%}}
2016-11-04T10:35:08.468+01:00 INFO    SimulatorItemWrapper{entity=MatierePremiere{Prix{2016-11-04 10:35:08 38108207, 552.406}, Blé, Cours blé}, Variation{+ 0.043%}}
2016-11-04T10:35:08.482+01:00 INFO    SimulatorItemWrapper{entity=MatierePremiere{Prix{2016-11-04 10:35:08 38108193, 112.732}, Café C, Cours café}, Variation{- 0.024%}}
2016-11-04T10:35:08.497+01:00 INFO    SimulatorItemWrapper{entity=MatierePremiere{Prix{2016-11-04 10:35:08 38108234, 1446.762}, Platine, Cours platine}, Variation{+ 0.049%}}
2016-11-04T10:35:08.559+01:00 INFO    SimulatorItemWrapper{entity=MatierePremiere{Prix{2016-11-04 10:35:08 38108273, 781.030}, Soja, Cours soja}, Variation{- 0.019%}}
2016-11-04T10:35:08.611+01:00 INFO    SimulatorItemWrapper{entity=MatierePremiere{Prix{2016-11-04 10:35:08 38108282, 35.024}, Brebt oil, Cours brent}, Variation{- 0.027%}}
2016-11-04T10:35:08.712+01:00 INFO    SimulatorItemWrapper{entity=MatierePremiere{Prix{2016-11-04 10:35:08 38108316, 43.298}, Coton, Cours coton}, Variation{- 0.045%}}
2016-11-04T10:35:08.733+01:00 INFO    SimulatorItemWrapper{entity=MatierePremiere{Prix{2016-11-04 10:35:08 38108611, 34.094}, Brebt oil, Cours brent}, Variation{- 0.027%}}
2016-11-04T10:35:08.735+01:00 INFO    SimulatorItemWrapper{entity=MatierePremiere{Prix{2016-11-04 10:35:08 38108712, 42.318}, Coton, Cours coton}, Variation{- 0.023%}}
2016-11-04T10:35:08.773+01:00 INFO    SimulatorItemWrapper{entity=MatierePremiere{Prix{2016-11-04 10:35:08 38108469, 571.191}, Blé, Cours blé}, Variation{+ 0.035%}}
2016-11-04T10:35:08.802+01:00 INFO    SimulatorItemWrapper{entity=MatierePremiere{Prix{2016-11-04 10:35:08 38108327, 65.220}, Gaz naturel, Cours gaz naturel}, Variation{+ 0.018%}}
2016-11-04T10:35:08.820+01:00 INFO    SimulatorItemWrapper{entity=MatierePremiere{Prix{2016-11-04 10:35:08 38108498, 1509.241}, Platine, Cours platine}, Variation{+ 0.044%}}
2016-11-04T10:35:08.827+01:00 INFO    SimulatorItemWrapper{entity=MatierePremiere{Prix{2016-11-04 10:35:08 38108736, 40.302}, Coton, Cours coton}, Variation{- 0.048%}}
2016-11-04T10:35:08.827+01:00 INFO    SimulatorItemWrapper{entity=MatierePremiere{Prix{2016-11-04 10:35:08 38108827, 1952.015}, Or, Cours or}, Variation{+ 0.014%}}
2016-11-04T10:35:08.833+01:00 INFO    SimulatorItemWrapper{entity=MatierePremiere{Prix{2016-11-04 10:35:08 38108774, 599.701}, Blé, Cours blé}, Variation{+ 0.050%}}
2016-11-04T10:35:08.843+01:00 INFO    SimulatorItemWrapper{entity=MatierePremiere{Prix{2016-11-04 10:35:08 38108560, 752.679}, Soja, Cours soja}, Variation{- 0.037%}}
2016-11-04T10:35:08.910+01:00 INFO    SimulatorItemWrapper{entity=MatierePremiere{Prix{2016-11-04 10:35:08 38108733, 33.005}, Brebt oil, Cours brent}, Variation{- 0.032%}}
2016-11-04T10:35:08.915+01:00 INFO    SimulatorItemWrapper{entity=MatierePremiere{Prix{2016-11-04 10:35:08 38108444, 69.517}, Pétrole, Cours pétrole}, Variation{+ 0.022%}}
2016-11-04T10:35:08.924+01:00 INFO    SimulatorItemWrapper{entity=MatierePremiere{Prix{2016-11-04 10:35:08 38108483, 109.724}, Café C, Cours café}, Variation{- 0.027%}}
2016-11-04T10:35:08.980+01:00 INFO    SimulatorItemWrapper{entity=MatierePremiere{Prix{2016-11-04 10:35:08 38108844, 740.220}, Soja, Cours soja}, Variation{- 0.017%}}
2016-11-04T10:35:09.041+01:00 INFO    SimulatorItemWrapper{entity=MatierePremiere{Prix{2016-11-04 10:35:08 38108980, 721.209}, Soja, Cours soja}, Variation{- 0.026%}}
2016-11-04T10:35:09.067+01:00 INFO    SimulatorItemWrapper{entity=MatierePremiere{Prix{2016-11-04 10:35:08 38108910, 32.162}, Brebt oil, Cours brent}, Variation{- 0.026%}}
2016-11-04T10:35:09.097+01:00 INFO    SimulatorItemWrapper{entity=MatierePremiere{Prix{2016-11-04 10:35:08 38108833, 615.345}, Blé, Cours blé}, Variation{+ 0.027%}}
2016-11-04T10:35:09.106+01:00 INFO    SimulatorItemWrapper{entity=MatierePremiere{Prix{2016-11-04 10:35:08 38108915, 72.449}, Pétrole, Cours pétrole}, Variation{+ 0.043%}}
2016-11-04T10:35:09.150+01:00 INFO    SimulatorItemWrapper{entity=MatierePremiere{Prix{2016-11-04 10:35:08 38108828, 39.130}, Coton, Cours coton}, Variation{- 0.030%}}
2016-11-04T10:35:09.151+01:00 INFO    SimulatorItemWrapper{entity=MatierePremiere{Prix{2016-11-04 10:35:08 38108827, 1952.015}, Or, Cours or}, Variation{+ 0.014%}}
2016-11-04T10:35:09.203+01:00 INFO    SimulatorItemWrapper{entity=MatierePremiere{Prix{2016-11-04 10:35:09 38109067, 30.755}, Brebt oil, Cours brent}, Variation{- 0.044%}}
2016-11-04T10:35:09.209+01:00 INFO    SimulatorItemWrapper{entity=MatierePremiere{Prix{2016-11-04 10:35:08 38108820, 1438.919}, Platine, Cours platine}, Variation{- 0.047%}}
2016-11-04T10:35:09.251+01:00 INFO    SimulatorItemWrapper{entity=MatierePremiere{Prix{2016-11-04 10:35:08 38108803, 68.092}, Gaz naturel, Cours gaz naturel}, Variation{+ 0.045%}}
2016-11-04T10:35:09.306+01:00 INFO    SimulatorItemWrapper{entity=MatierePremiere{Prix{2016-11-04 10:35:08 38108924, 105.562}, Café C, Cours café}, Variation{- 0.038%}}
2016-11-04T10:35:09.351+01:00 INFO    SimulatorItemWrapper{entity=MatierePremiere{Prix{2016-11-04 10:35:09 38109106, 75.364}, Pétrole, Cours pétrole}, Variation{+ 0.041%}}
2016-11-04T10:35:09.396+01:00 INFO    SimulatorItemWrapper{entity=MatierePremiere{Prix{2016-11-04 10:35:09 38109203, 29.292}, Brebt oil, Cours brent}, Variation{- 0.048%}}
2016-11-04T10:35:09.427+01:00 INFO    SimulatorItemWrapper{entity=MatierePremiere{Prix{2016-11-04 10:35:09 38109150, 37.421}, Coton, Cours coton}, Variation{- 0.044%}}
2016-11-04T10:35:09.454+01:00 INFO    SimulatorItemWrapper{entity=MatierePremiere{Prix{2016-11-04 10:35:09 38109352, 78.716}, Pétrole, Cours pétrole}, Variation{+ 0.045%}}
2016-11-04T10:35:09.460+01:00 INFO    SimulatorItemWrapper{entity=MatierePremiere{Prix{2016-11-04 10:35:09 38109042, 710.820}, Soja, Cours soja}, Variation{- 0.015%}}
2016-11-04T10:35:09.462+01:00 INFO    SimulatorItemWrapper{entity=MatierePremiere{Prix{2016-11-04 10:35:09 38109097, 645.360}, Blé, Cours blé}, Variation{+ 0.049%}}
2016-11-04T10:35:09.497+01:00 INFO    SimulatorItemWrapper{entity=MatierePremiere{Prix{2016-11-04 10:35:09 38109151, 2026.015}, Or, Cours or}, Variation{+ 0.038%}}
2016-11-04T10:35:09.509+01:00 INFO    SimulatorItemWrapper{entity=MatierePremiere{Prix{2016-11-04 10:35:09 38109460, 697.749}, Soja, Cours soja}, Variation{- 0.019%}}
2016-11-04T10:35:09.511+01:00 INFO    SimulatorItemWrapper{entity=MatierePremiere{Prix{2016-11-04 10:35:09 38109209, 1421.737}, Platine, Cours platine}, Variation{- 0.012%}}
2016-11-04T10:35:09.527+01:00 INFO    SimulatorItemWrapper{entity=MatierePremiere{Prix{2016-11-04 10:35:09 38109307, 100.703}, Café C, Cours café}, Variation{- 0.047%}}
2016-11-04T10:35:09.659+01:00 INFO    SimulatorItemWrapper{entity=MatierePremiere{Prix{2016-11-04 10:35:09 38109252, 69.631}, Gaz naturel, Cours gaz naturel}, Variation{+ 0.023%}}
2016-11-04T10:35:09.661+01:00 INFO    SimulatorItemWrapper{entity=MatierePremiere{Prix{2016-11-04 10:35:09 38109428, 35.826}, Coton, Cours coton}, Variation{- 0.043%}}
2016-11-04T10:35:09.726+01:00 INFO    SimulatorItemWrapper{entity=MatierePremiere{Prix{2016-11-04 10:35:09 38109511, 1391.505}, Platine, Cours platine}, Variation{- 0.022%}}
2016-11-04T10:35:09.767+01:00 INFO    SimulatorItemWrapper{entity=MatierePremiere{Prix{2016-11-04 10:35:09 38109497, 1948.004}, Or, Cours or}, Variation{- 0.039%}}
2016-11-04T10:35:09.815+01:00 INFO    SimulatorItemWrapper{entity=MatierePremiere{Prix{2016-11-04 10:35:09 38109462, 626.526}, Blé, Cours blé}, Variation{- 0.030%}}
2016-11-04T10:35:09.870+01:00 INFO    SimulatorItemWrapper{entity=MatierePremiere{Prix{2016-11-04 10:35:09 38109509, 667.558}, Soja, Cours soja}, Variation{- 0.044%}}
2016-11-04T10:35:09.878+01:00 INFO    SimulatorItemWrapper{entity=MatierePremiere{Prix{2016-11-04 10:35:09 38109397, 28.239}, Brebt oil, Cours brent}, Variation{- 0.036%}}
2016-11-04T10:35:09.890+01:00 INFO    SimulatorItemWrapper{entity=MatierePremiere{Prix{2016-11-04 10:35:09 38109726, 1356.088}, Platine, Cours platine}, Variation{- 0.026%}}
2016-11-04T10:35:09.922+01:00 INFO    SimulatorItemWrapper{entity=MatierePremiere{Prix{2016-11-04 10:35:09 38109454, 81.852}, Pétrole, Cours pétrole}, Variation{+ 0.040%}}
2016-11-04T10:35:09.929+01:00 INFO    SimulatorItemWrapper{entity=MatierePremiere{Prix{2016-11-04 10:35:09 38109527, 99.190}, Café C, Cours café}, Variation{- 0.016%}}
2016-11-04T10:35:10.021+01:00 INFO    SimulatorItemWrapper{entity=MatierePremiere{Prix{2016-11-04 10:35:09 38109871, 640.233}, Soja, Cours soja}, Variation{- 0.041%}}
2016-11-04T10:35:10.064+01:00 INFO    SimulatorItemWrapper{entity=MatierePremiere{Prix{2016-11-04 10:35:09 38109890, 1331.499}, Platine, Cours platine}, Variation{- 0.019%}}
2016-11-04T10:35:10.071+01:00 INFO    SimulatorItemWrapper{entity=MatierePremiere{Prix{2016-11-04 10:35:09 38109659, 71.889}, Gaz naturel, Cours gaz naturel}, Variation{+ 0.033%}}
2016-11-04T10:35:10.106+01:00 INFO    SimulatorItemWrapper{entity=MatierePremiere{Prix{2016-11-04 10:35:09 38109661, 34.923}, Coton, Cours coton}, Variation{- 0.026%}}
2016-11-04T10:35:10.194+01:00 INFO    SimulatorItemWrapper{entity=MatierePremiere{Prix{2016-11-04 10:35:09 38109767, 1887.656}, Or, Cours or}, Variation{- 0.031%}}
2016-11-04T10:35:10.256+01:00 INFO    SimulatorItemWrapper{entity=MatierePremiere{Prix{2016-11-04 10:35:10 38110106, 33.687}, Coton, Cours coton}, Variation{- 0.036%}}
2016-11-04T10:35:10.266+01:00 INFO    SimulatorItemWrapper{entity=MatierePremiere{Prix{2016-11-04 10:35:09 38109816, 605.970}, Blé, Cours blé}, Variation{- 0.033%}}
2016-11-04T10:35:10.279+01:00 INFO    SimulatorItemWrapper{entity=MatierePremiere{Prix{2016-11-04 10:35:10 38110194, 1841.341}, Or, Cours or}, Variation{- 0.025%}}
2016-11-04T10:35:10.314+01:00 INFO    SimulatorItemWrapper{entity=MatierePremiere{Prix{2016-11-04 10:35:10 38110071, 73.178}, Gaz naturel, Cours gaz naturel}, Variation{+ 0.018%}}
2016-11-04T10:35:10.359+01:00 INFO    SimulatorItemWrapper{entity=MatierePremiere{Prix{2016-11-04 10:35:09 38109878, 27.481}, Brebt oil, Cours brent}, Variation{- 0.027%}}
2016-11-04T10:35:10.400+01:00 INFO    SimulatorItemWrapper{entity=MatierePremiere{Prix{2016-11-04 10:35:09 38109922, 79.187}, Pétrole, Cours pétrole}, Variation{- 0.033%}}
2016-11-04T10:35:10.410+01:00 INFO    SimulatorItemWrapper{entity=MatierePremiere{Prix{2016-11-04 10:35:09 38109929, 97.993}, Café C, Cours café}, Variation{- 0.013%}}
2016-11-04T10:35:10.463+01:00 INFO    SimulatorItemWrapper{entity=MatierePremiere{Prix{2016-11-04 10:35:10 38110021, 630.858}, Soja, Cours soja}, Variation{- 0.015%}}
2016-11-04T10:35:10.480+01:00 INFO    SimulatorItemWrapper{entity=MatierePremiere{Prix{2016-11-04 10:35:10 38110064, 1308.676}, Platine, Cours platine}, Variation{- 0.018%}}
2016-11-04T10:35:10.547+01:00 INFO    SimulatorItemWrapper{entity=MatierePremiere{Prix{2016-11-04 10:35:10 38110463, 601.929}, Soja, Cours soja}, Variation{- 0.046%}}
2016-11-04T10:35:10.552+01:00 INFO    SimulatorItemWrapper{entity=MatierePremiere{Prix{2016-11-04 10:35:10 38110410, 95.612}, Café C, Cours café}, Variation{- 0.025%}}
2016-11-04T10:35:10.574+01:00 INFO    SimulatorItemWrapper{entity=MatierePremiere{Prix{2016-11-04 10:35:10 38110480, 1275.874}, Platine, Cours platine}, Variation{- 0.026%}}
2016-11-04T10:35:10.584+01:00 INFO    SimulatorItemWrapper{entity=MatierePremiere{Prix{2016-11-04 10:35:10 38110256, 34.374}, Coton, Cours coton}, Variation{+ 0.021%}}
2016-11-04T10:35:10.589+01:00 INFO    SimulatorItemWrapper{entity=MatierePremiere{Prix{2016-11-04 10:35:10 38110552, 94.116}, Café C, Cours café}, Variation{- 0.016%}}
2016-11-04T10:35:10.658+01:00 INFO    SimulatorItemWrapper{entity=MatierePremiere{Prix{2016-11-04 10:35:10 38110314, 74.130}, Gaz naturel, Cours gaz naturel}, Variation{+ 0.014%}}
2016-11-04T10:35:10.673+01:00 INFO    SimulatorItemWrapper{entity=MatierePremiere{Prix{2016-11-04 10:35:10 38110584, 34.728}, Coton, Cours coton}, Variation{+ 0.011%}}
2016-11-04T10:35:10.684+01:00 INFO    SimulatorItemWrapper{entity=MatierePremiere{Prix{2016-11-04 10:35:10 38110266, 583.285}, Blé, Cours blé}, Variation{- 0.038%}}
2016-11-04T10:35:10.719+01:00 INFO    SimulatorItemWrapper{entity=MatierePremiere{Prix{2016-11-04 10:35:10 38110400, 77.787}, Pétrole, Cours pétrole}, Variation{- 0.018%}}
2016-11-04T10:35:10.726+01:00 INFO    SimulatorItemWrapper{entity=MatierePremiere{Prix{2016-11-04 10:35:10 38110589, 89.733}, Café C, Cours café}, Variation{- 0.047%}}
2016-11-04T10:35:10.745+01:00 INFO    SimulatorItemWrapper{entity=MatierePremiere{Prix{2016-11-04 10:35:10 38110279, 1761.186}, Or, Cours or}, Variation{- 0.044%}}
2016-11-04T10:35:10.813+01:00 INFO    SimulatorItemWrapper{entity=MatierePremiere{Prix{2016-11-04 10:35:10 38110726, 86.007}, Café C, Cours café}, Variation{- 0.042%}}
2016-11-04T10:35:10.834+01:00 INFO    SimulatorItemWrapper{entity=MatierePremiere{Prix{2016-11-04 10:35:10 38110359, 26.990}, Brebt oil, Cours brent}, Variation{- 0.018%}}
2016-11-04T10:35:10.871+01:00 INFO    SimulatorItemWrapper{entity=MatierePremiere{Prix{2016-11-04 10:35:10 38110548, 577.928}, Soja, Cours soja}, Variation{- 0.040%}}
2016-11-04T10:35:10.891+01:00 INFO    SimulatorItemWrapper{entity=MatierePremiere{Prix{2016-11-04 10:35:10 38110673, 35.377}, Coton, Cours coton}, Variation{+ 0.019%}}
2016-11-04T10:35:10.902+01:00 INFO    SimulatorItemWrapper{entity=MatierePremiere{Prix{2016-11-04 10:35:10 38110574, 1261.695}, Platine, Cours platine}, Variation{- 0.012%}}
2016-11-04T10:35:10.919+01:00 INFO    SimulatorItemWrapper{entity=MatierePremiere{Prix{2016-11-04 10:35:10 38110834, 26.613}, Brebt oil, Cours brent}, Variation{- 0.014%}}
2016-11-04T10:35:10.966+01:00 INFO    SimulatorItemWrapper{entity=MatierePremiere{Prix{2016-11-04 10:35:10 38110720, 74.396}, Pétrole, Cours pétrole}, Variation{- 0.044%}}
2016-11-04T10:35:10.983+01:00 INFO    SimulatorItemWrapper{entity=MatierePremiere{Prix{2016-11-04 10:35:10 38110684, 569.683}, Blé, Cours blé}, Variation{- 0.024%}}
2016-11-04T10:35:10.988+01:00 INFO    SimulatorItemWrapper{entity=MatierePremiere{Prix{2016-11-04 10:35:10 38110745, 1708.939}, Or, Cours or}, Variation{- 0.030%}}
2016-11-04T10:35:11.028+01:00 INFO    SimulatorItemWrapper{entity=MatierePremiere{Prix{2016-11-04 10:35:10 38110988, 1656.923}, Or, Cours or}, Variation{- 0.031%}}
2016-11-04T10:35:11.044+01:00 INFO    SimulatorItemWrapper{entity=MatierePremiere{Prix{2016-11-04 10:35:10 38110983, 544.178}, Blé, Cours blé}, Variation{- 0.045%}}
2016-11-04T10:35:11.084+01:00 INFO    SimulatorItemWrapper{entity=MatierePremiere{Prix{2016-11-04 10:35:10 38110871, 558.175}, Soja, Cours soja}, Variation{- 0.035%}}
2016-11-04T10:35:11.117+01:00 INFO    SimulatorItemWrapper{entity=MatierePremiere{Prix{2016-11-04 10:35:10 38110919, 25.865}, Brebt oil, Cours brent}, Variation{- 0.029%}}
2016-11-04T10:35:11.135+01:00 INFO    SimulatorItemWrapper{entity=MatierePremiere{Prix{2016-11-04 10:35:10 38110658, 77.406}, Gaz naturel, Cours gaz naturel}, Variation{+ 0.045%}}
2016-11-04T10:35:11.156+01:00 INFO    SimulatorItemWrapper{entity=MatierePremiere{Prix{2016-11-04 10:35:11 38111029, 1603.196}, Or, Cours or}, Variation{- 0.033%}}
2016-11-04T10:35:11.195+01:00 INFO    SimulatorItemWrapper{entity=MatierePremiere{Prix{2016-11-04 10:35:10 38110891, 36.641}, Coton, Cours coton}, Variation{+ 0.036%}}
2016-11-04T10:35:11.220+01:00 INFO    SimulatorItemWrapper{entity=MatierePremiere{Prix{2016-11-04 10:35:10 38110813, 84.617}, Café C, Cours café}, Variation{- 0.017%}}
2016-11-04T10:35:11.230+01:00 INFO    SimulatorItemWrapper{entity=MatierePremiere{Prix{2016-11-04 10:35:10 38110903, 1227.862}, Platine, Cours platine}, Variation{- 0.027%}}
2016-11-04T10:35:11.250+01:00 INFO    SimulatorItemWrapper{entity=MatierePremiere{Prix{2016-11-04 10:35:11 38111156, 1526.076}, Or, Cours or}, Variation{- 0.049%}}
2016-11-04T10:35:11.295+01:00 INFO    SimulatorItemWrapper{entity=MatierePremiere{Prix{2016-11-04 10:35:11 38111220, 82.583}, Café C, Cours café}, Variation{- 0.025%}}
2016-11-04T10:35:11.303+01:00 INFO    SimulatorItemWrapper{entity=MatierePremiere{Prix{2016-11-04 10:35:11 38111230, 1192.776}, Platine, Cours platine}, Variation{- 0.029%}}
2016-11-04T10:35:11.321+01:00 INFO    SimulatorItemWrapper{entity=MatierePremiere{Prix{2016-11-04 10:35:11 38111135, 78.484}, Gaz naturel, Cours gaz naturel}, Variation{+ 0.014%}}
2016-11-04T10:35:11.390+01:00 INFO    SimulatorItemWrapper{entity=MatierePremiere{Prix{2016-11-04 10:35:10 38110966, 71.433}, Pétrole, Cours pétrole}, Variation{- 0.040%}}
2016-11-04T10:35:11.390+01:00 INFO    SimulatorItemWrapper{entity=MatierePremiere{Prix{2016-11-04 10:35:11 38111390, 537.682}, Soja, Cours soja}, Variation{- 0.025%}}
2016-11-04T10:35:11.486+01:00 INFO    SimulatorItemWrapper{entity=MatierePremiere{Prix{2016-11-04 10:35:11 38111391, 68.352}, Pétrole, Cours pétrole}, Variation{- 0.044%}}
2016-11-04T10:35:11.511+01:00 INFO    SimulatorItemWrapper{entity=MatierePremiere{Prix{2016-11-04 10:35:11 38111390, 537.682}, Soja, Cours soja}, Variation{- 0.025%}}
2016-11-04T10:35:11.529+01:00 INFO    SimulatorItemWrapper{entity=MatierePremiere{Prix{2016-11-04 10:35:11 38111250, 1477.281}, Or, Cours or}, Variation{- 0.032%}}
2016-11-04T10:35:11.535+01:00 INFO    SimulatorItemWrapper{entity=MatierePremiere{Prix{2016-11-04 10:35:11 38111044, 521.399}, Blé, Cours blé}, Variation{- 0.042%}}
2016-11-04T10:35:11.539+01:00 INFO    SimulatorItemWrapper{entity=MatierePremiere{Prix{2016-11-04 10:35:11 38111303, 1140.264}, Platine, Cours platine}, Variation{- 0.045%}}
2016-11-04T10:35:11.582+01:00 INFO    SimulatorItemWrapper{entity=MatierePremiere{Prix{2016-11-04 10:35:11 38111195, 37.427}, Coton, Cours coton}, Variation{+ 0.022%}}
2016-11-04T10:35:11.593+01:00 INFO    SimulatorItemWrapper{entity=MatierePremiere{Prix{2016-11-04 10:35:11 38111296, 81.554}, Café C, Cours café}, Variation{- 0.013%}}
2016-11-04T10:35:11.613+01:00 INFO    SimulatorItemWrapper{entity=MatierePremiere{Prix{2016-11-04 10:35:11 38111117, 25.041}, Brebt oil, Cours brent}, Variation{- 0.032%}}
2016-11-04T10:35:11.661+01:00 INFO    SimulatorItemWrapper{entity=MatierePremiere{Prix{2016-11-04 10:35:11 38111613, 26.044}, Brebt oil, Cours brent}, Variation{+ 0.041%}}
2016-11-04T10:35:11.664+01:00 INFO    SimulatorItemWrapper{entity=MatierePremiere{Prix{2016-11-04 10:35:11 38111321, 79.917}, Gaz naturel, Cours gaz naturel}, Variation{+ 0.019%}}
2016-11-04T10:35:11.735+01:00 INFO    SimulatorItemWrapper{entity=MatierePremiere{Prix{2016-11-04 10:35:11 38111539, 1122.331}, Platine, Cours platine}, Variation{- 0.016%}}
2016-11-04T10:35:11.738+01:00 INFO    SimulatorItemWrapper{entity=MatierePremiere{Prix{2016-11-04 10:35:11 38111661, 27.098}, Brebt oil, Cours brent}, Variation{+ 0.041%}}
2016-11-04T10:35:11.753+01:00 INFO    SimulatorItemWrapper{entity=MatierePremiere{Prix{2016-11-04 10:35:11 38111593, 80.268}, Café C, Cours café}, Variation{- 0.016%}}
2016-11-04T10:35:11.813+01:00 INFO    SimulatorItemWrapper{entity=MatierePremiere{Prix{2016-11-04 10:35:11 38111529, 1420.345}, Or, Cours or}, Variation{- 0.039%}}
2016-11-04T10:35:11.816+01:00 INFO    SimulatorItemWrapper{entity=MatierePremiere{Prix{2016-11-04 10:35:11 38111511, 525.964}, Soja, Cours soja}, Variation{- 0.022%}}
2016-11-04T10:35:11.836+01:00 INFO    SimulatorItemWrapper{entity=MatierePremiere{Prix{2016-11-04 10:35:11 38111753, 78.693}, Café C, Cours café}, Variation{- 0.020%}}
2016-11-04T10:35:11.871+01:00 INFO    SimulatorItemWrapper{entity=MatierePremiere{Prix{2016-11-04 10:35:11 38111816, 515.433}, Soja, Cours soja}, Variation{- 0.021%}}
2016-11-04T10:35:11.886+01:00 INFO    SimulatorItemWrapper{entity=MatierePremiere{Prix{2016-11-04 10:35:11 38111487, 67.249}, Pétrole, Cours pétrole}, Variation{- 0.017%}}
2016-11-04T10:35:11.886+01:00 INFO    SimulatorItemWrapper{entity=MatierePremiere{Prix{2016-11-04 10:35:11 38111886, 1068.170}, Platine, Cours platine}, Variation{- 0.033%}}
2016-11-04T10:35:11.905+01:00 INFO    SimulatorItemWrapper{entity=MatierePremiere{Prix{2016-11-04 10:35:11 38111582, 38.721}, Coton, Cours coton}, Variation{+ 0.035%}}
2016-11-04T10:35:12.012+01:00 INFO    SimulatorItemWrapper{entity=MatierePremiere{Prix{2016-11-04 10:35:11 38111535, 512.367}, Blé, Cours blé}, Variation{- 0.018%}}
2016-11-04T10:35:12.035+01:00 INFO    SimulatorItemWrapper{entity=MatierePremiere{Prix{2016-11-04 10:35:11 38111813, 1397.256}, Or, Cours or}, Variation{- 0.017%}}
2016-11-04T10:35:12.056+01:00 INFO    SimulatorItemWrapper{entity=MatierePremiere{Prix{2016-11-04 10:35:11 38111837, 80.108}, Café C, Cours café}, Variation{+ 0.018%}}
2016-11-04T10:35:12.059+01:00 INFO    SimulatorItemWrapper{entity=MatierePremiere{Prix{2016-11-04 10:35:11 38111664, 82.651}, Gaz naturel, Cours gaz naturel}, Variation{+ 0.035%}}
2016-11-04T10:35:12.082+01:00 INFO    SimulatorItemWrapper{entity=MatierePremiere{Prix{2016-11-04 10:35:12 38112059, 79.974}, Gaz naturel, Cours gaz naturel}, Variation{- 0.033%}}
2016-11-04T10:35:12.110+01:00 INFO    SimulatorItemWrapper{entity=MatierePremiere{Prix{2016-11-04 10:35:11 38111738, 28.446}, Brebt oil, Cours brent}, Variation{+ 0.050%}}
2016-11-04T10:35:12.194+01:00 INFO    SimulatorItemWrapper{entity=MatierePremiere{Prix{2016-11-04 10:35:11 38111905, 39.375}, Coton, Cours coton}, Variation{+ 0.017%}}
2016-11-04T10:35:12.326+01:00 INFO    SimulatorItemWrapper{entity=MatierePremiere{Prix{2016-11-04 10:35:11 38111887, 64.829}, Pétrole, Cours pétrole}, Variation{- 0.036%}}
2016-11-04T10:35:12.335+01:00 INFO    SimulatorItemWrapper{entity=MatierePremiere{Prix{2016-11-04 10:35:11 38111872, 504.602}, Soja, Cours soja}, Variation{- 0.022%}}
2016-11-04T10:35:12.375+01:00 INFO    SimulatorItemWrapper{entity=MatierePremiere{Prix{2016-11-04 10:35:11 38111886, 1068.170}, Platine, Cours platine}, Variation{- 0.033%}}
2016-11-04T10:35:12.411+01:00 INFO    SimulatorItemWrapper{entity=MatierePremiere{Prix{2016-11-04 10:35:12 38112056, 82.645}, Café C, Cours café}, Variation{+ 0.032%}}
2016-11-04T10:35:12.435+01:00 INFO    SimulatorItemWrapper{entity=MatierePremiere{Prix{2016-11-04 10:35:12 38112111, 29.751}, Brebt oil, Cours brent}, Variation{+ 0.046%}}
2016-11-04T10:35:12.454+01:00 INFO    SimulatorItemWrapper{entity=MatierePremiere{Prix{2016-11-04 10:35:12 38112012, 506.875}, Blé, Cours blé}, Variation{- 0.011%}}
2016-11-04T10:35:12.464+01:00 INFO    SimulatorItemWrapper{entity=MatierePremiere{Prix{2016-11-04 10:35:12 38112435, 31.122}, Brebt oil, Cours brent}, Variation{+ 0.047%}}
2016-11-04T10:35:12.509+01:00 INFO    SimulatorItemWrapper{entity=MatierePremiere{Prix{2016-11-04 10:35:12 38112035, 1375.159}, Or, Cours or}, Variation{- 0.016%}}
2016-11-04T10:35:12.525+01:00 INFO    SimulatorItemWrapper{entity=MatierePremiere{Prix{2016-11-04 10:35:12 38112082, 77.310}, Gaz naturel, Cours gaz naturel}, Variation{- 0.034%}}
2016-11-04T10:35:12.533+01:00 INFO    SimulatorItemWrapper{entity=MatierePremiere{Prix{2016-11-04 10:35:12 38112335, 483.060}, Soja, Cours soja}, Variation{- 0.043%}}
2016-11-04T10:35:12.563+01:00 INFO    SimulatorItemWrapper{entity=MatierePremiere{Prix{2016-11-04 10:35:12 38112509, 1357.978}, Or, Cours or}, Variation{- 0.013%}}
2016-11-04T10:35:12.571+01:00 INFO    SimulatorItemWrapper{entity=MatierePremiere{Prix{2016-11-04 10:35:12 38112326, 63.352}, Pétrole, Cours pétrole}, Variation{- 0.023%}}
2016-11-04T10:35:12.578+01:00 INFO    SimulatorItemWrapper{entity=MatierePremiere{Prix{2016-11-04 10:35:12 38112454, 497.424}, Blé, Cours blé}, Variation{- 0.019%}}
2016-11-04T10:35:12.625+01:00 INFO    SimulatorItemWrapper{entity=MatierePremiere{Prix{2016-11-04 10:35:12 38112194, 40.319}, Coton, Cours coton}, Variation{+ 0.024%}}
2016-11-04T10:35:12.675+01:00 INFO    SimulatorItemWrapper{entity=MatierePremiere{Prix{2016-11-04 10:35:12 38112625, 42.221}, Coton, Cours coton}, Variation{+ 0.048%}}
2016-11-04T10:35:12.734+01:00 INFO    SimulatorItemWrapper{entity=MatierePremiere{Prix{2016-11-04 10:35:12 38112578, 487.920}, Blé, Cours blé}, Variation{- 0.020%}}
2016-11-04T10:35:12.739+01:00 INFO    SimulatorItemWrapper{entity=MatierePremiere{Prix{2016-11-04 10:35:12 38112563, 1301.866}, Or, Cours or}, Variation{- 0.042%}}
2016-11-04T10:35:12.749+01:00 INFO    SimulatorItemWrapper{entity=MatierePremiere{Prix{2016-11-04 10:35:12 38112375, 1036.988}, Platine, Cours platine}, Variation{- 0.030%}}
2016-11-04T10:35:12.754+01:00 INFO    SimulatorItemWrapper{entity=MatierePremiere{Prix{2016-11-04 10:35:12 38112464, 32.311}, Brebt oil, Cours brent}, Variation{+ 0.039%}}
2016-11-04T10:35:12.827+01:00 INFO    SimulatorItemWrapper{entity=MatierePremiere{Prix{2016-11-04 10:35:12 38112754, 33.232}, Brebt oil, Cours brent}, Variation{+ 0.029%}}
2016-11-04T10:35:12.840+01:00 INFO    SimulatorItemWrapper{entity=MatierePremiere{Prix{2016-11-04 10:35:12 38112739, 1287.948}, Or, Cours or}, Variation{- 0.011%}}
2016-11-04T10:35:12.876+01:00 INFO    SimulatorItemWrapper{entity=MatierePremiere{Prix{2016-11-04 10:35:12 38112734, 469.387}, Blé, Cours blé}, Variation{- 0.038%}}
2016-11-04T10:35:12.887+01:00 INFO    SimulatorItemWrapper{entity=MatierePremiere{Prix{2016-11-04 10:35:12 38112571, 60.263}, Pétrole, Cours pétrole}, Variation{- 0.049%}}
2016-11-04T10:35:12.897+01:00 INFO    SimulatorItemWrapper{entity=MatierePremiere{Prix{2016-11-04 10:35:12 38112411, 86.458}, Café C, Cours café}, Variation{+ 0.047%}}
2016-11-04T10:35:12.908+01:00 INFO    SimulatorItemWrapper{entity=MatierePremiere{Prix{2016-11-04 10:35:12 38112525, 74.949}, Gaz naturel, Cours gaz naturel}, Variation{- 0.031%}}
2016-11-04T10:35:12.921+01:00 INFO    SimulatorItemWrapper{entity=MatierePremiere{Prix{2016-11-04 10:35:12 38112897, 87.705}, Café C, Cours café}, Variation{+ 0.015%}}
2016-11-04T10:35:12.954+01:00 INFO    SimulatorItemWrapper{entity=MatierePremiere{Prix{2016-11-04 10:35:12 38112921, 90.819}, Café C, Cours café}, Variation{+ 0.036%}}
2016-11-04T10:35:12.964+01:00 INFO    SimulatorItemWrapper{entity=MatierePremiere{Prix{2016-11-04 10:35:12 38112749, 1023.865}, Platine, Cours platine}, Variation{- 0.013%}}
2016-11-04T10:35:12.971+01:00 INFO    SimulatorItemWrapper{entity=MatierePremiere{Prix{2016-11-04 10:35:12 38112841, 1263.266}, Or, Cours or}, Variation{- 0.020%}}
2016-11-04T10:35:12.977+01:00 INFO    SimulatorItemWrapper{entity=MatierePremiere{Prix{2016-11-04 10:35:12 38112533, 495.615}, Soja, Cours soja}, Variation{+ 0.026%}}
2016-11-04T10:35:13.085+01:00 INFO    SimulatorItemWrapper{entity=MatierePremiere{Prix{2016-11-04 10:35:12 38112908, 72.158}, Gaz naturel, Cours gaz naturel}, Variation{- 0.038%}}
2016-11-04T10:35:13.131+01:00 INFO    SimulatorItemWrapper{entity=MatierePremiere{Prix{2016-11-04 10:35:12 38112876, 449.690}, Blé, Cours blé}, Variation{- 0.042%}}
2016-11-04T10:35:13.135+01:00 INFO    SimulatorItemWrapper{entity=MatierePremiere{Prix{2016-11-04 10:35:12 38112978, 482.643}, Soja, Cours soja}, Variation{- 0.027%}}
2016-11-04T10:35:13.161+01:00 INFO    SimulatorItemWrapper{entity=MatierePremiere{Prix{2016-11-04 10:35:12 38112675, 43.662}, Coton, Cours coton}, Variation{+ 0.035%}}
2016-11-04T10:35:13.245+01:00 INFO    SimulatorItemWrapper{entity=MatierePremiere{Prix{2016-11-04 10:35:13 38113162, 44.776}, Coton, Cours coton}, Variation{+ 0.026%}}
2016-11-04T10:35:13.249+01:00 INFO    SimulatorItemWrapper{entity=MatierePremiere{Prix{2016-11-04 10:35:12 38112954, 91.799}, Café C, Cours café}, Variation{+ 0.011%}}
2016-11-04T10:35:13.279+01:00 INFO    SimulatorItemWrapper{entity=MatierePremiere{Prix{2016-11-04 10:35:12 38112888, 58.075}, Pétrole, Cours pétrole}, Variation{- 0.037%}}
2016-11-04T10:35:13.282+01:00 INFO    SimulatorItemWrapper{entity=MatierePremiere{Prix{2016-11-04 10:35:13 38113249, 94.276}, Café C, Cours café}, Variation{+ 0.027%}}
2016-11-04T10:35:13.287+01:00 INFO    SimulatorItemWrapper{entity=MatierePremiere{Prix{2016-11-04 10:35:13 38113132, 430.502}, Blé, Cours blé}, Variation{- 0.043%}}
2016-11-04T10:35:13.320+01:00 INFO    SimulatorItemWrapper{entity=MatierePremiere{Prix{2016-11-04 10:35:12 38112827, 33.835}, Brebt oil, Cours brent}, Variation{+ 0.019%}}
2016-11-04T10:35:13.368+01:00 INFO    SimulatorItemWrapper{entity=MatierePremiere{Prix{2016-11-04 10:35:13 38113287, 421.256}, Blé, Cours blé}, Variation{- 0.022%}}
2016-11-04T10:35:13.389+01:00 INFO    SimulatorItemWrapper{entity=MatierePremiere{Prix{2016-11-04 10:35:13 38113282, 96.369}, Café C, Cours café}, Variation{+ 0.023%}}
2016-11-04T10:35:13.392+01:00 INFO    SimulatorItemWrapper{entity=MatierePremiere{Prix{2016-11-04 10:35:12 38112972, 1244.583}, Or, Cours or}, Variation{- 0.015%}}
2016-11-04T10:35:13.413+01:00 INFO    SimulatorItemWrapper{entity=MatierePremiere{Prix{2016-11-04 10:35:13 38113321, 34.967}, Brebt oil, Cours brent}, Variation{+ 0.034%}}
2016-11-04T10:35:13.444+01:00 INFO    SimulatorItemWrapper{entity=MatierePremiere{Prix{2016-11-04 10:35:12 38112965, 1001.143}, Platine, Cours platine}, Variation{- 0.023%}}
2016-11-04T10:35:13.459+01:00 INFO    SimulatorItemWrapper{entity=MatierePremiere{Prix{2016-11-04 10:35:13 38113246, 46.605}, Coton, Cours coton}, Variation{+ 0.041%}}
2016-11-04T10:35:13.494+01:00 INFO    SimulatorItemWrapper{entity=MatierePremiere{Prix{2016-11-04 10:35:13 38113392, 1214.433}, Or, Cours or}, Variation{- 0.025%}}
2016-11-04T10:35:13.517+01:00 INFO    SimulatorItemWrapper{entity=MatierePremiere{Prix{2016-11-04 10:35:13 38113459, 47.161}, Coton, Cours coton}, Variation{+ 0.012%}}
2016-11-04T10:35:13.543+01:00 INFO    SimulatorItemWrapper{entity=MatierePremiere{Prix{2016-11-04 10:35:13 38113135, 488.002}, Soja, Cours soja}, Variation{+ 0.012%}}
2016-11-04T10:35:13.552+01:00 INFO    SimulatorItemWrapper{entity=MatierePremiere{Prix{2016-11-04 10:35:13 38113279, 56.877}, Pétrole, Cours pétrole}, Variation{- 0.021%}}
2016-11-04T10:35:13.568+01:00 INFO    SimulatorItemWrapper{entity=MatierePremiere{Prix{2016-11-04 10:35:13 38113085, 69.880}, Gaz naturel, Cours gaz naturel}, Variation{- 0.032%}}
2016-11-04T10:35:13.598+01:00 INFO    SimulatorItemWrapper{entity=MatierePremiere{Prix{2016-11-04 10:35:13 38113368, 412.075}, Blé, Cours blé}, Variation{- 0.022%}}
2016-11-04T10:35:13.709+01:00 INFO    SimulatorItemWrapper{entity=MatierePremiere{Prix{2016-11-04 10:35:13 38113517, 48.704}, Coton, Cours coton}, Variation{+ 0.033%}}
2016-11-04T10:35:13.758+01:00 INFO    SimulatorItemWrapper{entity=MatierePremiere{Prix{2016-11-04 10:35:13 38113444, 968.338}, Platine, Cours platine}, Variation{- 0.033%}}
2016-11-04T10:35:13.761+01:00 INFO    SimulatorItemWrapper{entity=MatierePremiere{Prix{2016-11-04 10:35:13 38113709, 49.632}, Coton, Cours coton}, Variation{+ 0.020%}}
2016-11-04T10:35:13.763+01:00 INFO    SimulatorItemWrapper{entity=MatierePremiere{Prix{2016-11-04 10:35:13 38113495, 1198.810}, Or, Cours or}, Variation{- 0.013%}}
2016-11-04T10:35:13.790+01:00 INFO    SimulatorItemWrapper{entity=MatierePremiere{Prix{2016-11-04 10:35:13 38113598, 405.079}, Blé, Cours blé}, Variation{- 0.017%}}
2016-11-04T10:35:13.803+01:00 INFO    SimulatorItemWrapper{entity=MatierePremiere{Prix{2016-11-04 10:35:13 38113413, 35.513}, Brebt oil, Cours brent}, Variation{+ 0.016%}}
2016-11-04T10:35:13.864+01:00 INFO    SimulatorItemWrapper{entity=MatierePremiere{Prix{2016-11-04 10:35:13 38113552, 54.733}, Pétrole, Cours pétrole}, Variation{- 0.038%}}
2016-11-04T10:35:13.868+01:00 INFO    SimulatorItemWrapper{entity=MatierePremiere{Prix{2016-11-04 10:35:13 38113389, 98.611}, Café C, Cours café}, Variation{+ 0.024%}}
2016-11-04T10:35:13.892+01:00 INFO    SimulatorItemWrapper{entity=MatierePremiere{Prix{2016-11-04 10:35:13 38113543, 472.768}, Soja, Cours soja}, Variation{- 0.032%}}
2016-11-04T10:35:13.929+01:00 INFO    SimulatorItemWrapper{entity=MatierePremiere{Prix{2016-11-04 10:35:13 38113761, 52.094}, Coton, Cours coton}, Variation{+ 0.050%}}
2016-11-04T10:35:13.946+01:00 INFO    SimulatorItemWrapper{entity=MatierePremiere{Prix{2016-11-04 10:35:13 38113569, 67.010}, Gaz naturel, Cours gaz naturel}, Variation{- 0.042%}}
2016-11-04T10:35:13.953+01:00 INFO    SimulatorItemWrapper{entity=MatierePremiere{Prix{2016-11-04 10:35:13 38113790, 387.525}, Blé, Cours blé}, Variation{- 0.044%}}
2016-11-04T10:35:13.984+01:00 INFO    SimulatorItemWrapper{entity=MatierePremiere{Prix{2016-11-04 10:35:13 38113953, 378.896}, Blé, Cours blé}, Variation{- 0.023%}}
2016-11-04T10:35:14.015+01:00 INFO    SimulatorItemWrapper{entity=MatierePremiere{Prix{2016-11-04 10:35:13 38113946, 65.669}, Gaz naturel, Cours gaz naturel}, Variation{- 0.021%}}
2016-11-04T10:35:14.143+01:00 INFO    SimulatorItemWrapper{entity=MatierePremiere{Prix{2016-11-04 10:35:13 38113804, 36.730}, Brebt oil, Cours brent}, Variation{+ 0.035%}}
2016-11-04T10:35:14.159+01:00 INFO    SimulatorItemWrapper{entity=MatierePremiere{Prix{2016-11-04 10:35:13 38113763, 1157.052}, Or, Cours or}, Variation{- 0.035%}}
2016-11-04T10:35:14.164+01:00 INFO    SimulatorItemWrapper{entity=MatierePremiere{Prix{2016-11-04 10:35:13 38113868, 99.994}, Café C, Cours café}, Variation{+ 0.015%}}
2016-11-04T10:35:14.178+01:00 INFO    SimulatorItemWrapper{entity=MatierePremiere{Prix{2016-11-04 10:35:13 38113929, 53.867}, Coton, Cours coton}, Variation{+ 0.035%}}
2016-11-04T10:35:14.187+01:00 INFO    SimulatorItemWrapper{entity=MatierePremiere{Prix{2016-11-04 10:35:13 38113984, 373.722}, Blé, Cours blé}, Variation{- 0.014%}}
2016-11-04T10:35:14.200+01:00 INFO    SimulatorItemWrapper{entity=MatierePremiere{Prix{2016-11-04 10:35:13 38113758, 923.630}, Platine, Cours platine}, Variation{- 0.047%}}
2016-11-04T10:35:14.218+01:00 INFO    SimulatorItemWrapper{entity=MatierePremiere{Prix{2016-11-04 10:35:14 38114143, 37.664}, Brebt oil, Cours brent}, Variation{+ 0.026%}}
2016-11-04T10:35:14.232+01:00 INFO    SimulatorItemWrapper{entity=MatierePremiere{Prix{2016-11-04 10:35:14 38114015, 63.310}, Gaz naturel, Cours gaz naturel}, Variation{- 0.036%}}
2016-11-04T10:35:14.258+01:00 INFO    SimulatorItemWrapper{entity=MatierePremiere{Prix{2016-11-04 10:35:13 38113864, 53.328}, Pétrole, Cours pétrole}, Variation{- 0.026%}}
2016-11-04T10:35:14.258+01:00 INFO    SimulatorItemWrapper{entity=MatierePremiere{Prix{2016-11-04 10:35:14 38114258, 348.754}, Blé, Cours blé}, Variation{- 0.026%}}
2016-11-04T10:35:14.284+01:00 INFO    SimulatorItemWrapper{entity=MatierePremiere{Prix{2016-11-04 10:35:14 38114178, 54.616}, Coton, Cours coton}, Variation{+ 0.014%}}
2016-11-04T10:35:14.304+01:00 INFO    SimulatorItemWrapper{entity=MatierePremiere{Prix{2016-11-04 10:35:14 38114259, 51.234}, Pétrole, Cours pétrole}, Variation{- 0.040%}}
2016-11-04T10:35:14.323+01:00 INFO    SimulatorItemWrapper{entity=MatierePremiere{Prix{2016-11-04 10:35:13 38113892, 486.951}, Soja, Cours soja}, Variation{+ 0.030%}}
2016-11-04T10:35:14.339+01:00 INFO    SimulatorItemWrapper{entity=MatierePremiere{Prix{2016-11-04 10:35:14 38114159, 1110.726}, Or, Cours or}, Variation{- 0.041%}}
2016-11-04T10:35:14.386+01:00 INFO    SimulatorItemWrapper{entity=MatierePremiere{Prix{2016-11-04 10:35:14 38114284, 56.153}, Coton, Cours coton}, Variation{+ 0.029%}}
2016-11-04T10:35:14.389+01:00 INFO    SimulatorItemWrapper{entity=MatierePremiere{Prix{2016-11-04 10:35:14 38114200, 903.940}, Platine, Cours platine}, Variation{- 0.022%}}
2016-11-04T10:35:14.404+01:00 INFO    SimulatorItemWrapper{entity=MatierePremiere{Prix{2016-11-04 10:35:14 38114218, 38.176}, Brebt oil, Cours brent}, Variation{+ 0.014%}}
2016-11-04T10:35:14.407+01:00 INFO    SimulatorItemWrapper{entity=MatierePremiere{Prix{2016-11-04 10:35:14 38114258, 348.754}, Blé, Cours blé}, Variation{- 0.026%}}
2016-11-04T10:35:14.412+01:00 INFO    SimulatorItemWrapper{entity=MatierePremiere{Prix{2016-11-04 10:35:14 38114389, 888.460}, Platine, Cours platine}, Variation{- 0.018%}}
2016-11-04T10:35:14.433+01:00 INFO    SimulatorItemWrapper{entity=MatierePremiere{Prix{2016-11-04 10:35:14 38114407, 334.752}, Blé, Cours blé}, Variation{- 0.041%}}
2016-11-04T10:35:14.466+01:00 INFO    SimulatorItemWrapper{entity=MatierePremiere{Prix{2016-11-04 10:35:14 38114232, 60.699}, Gaz naturel, Cours gaz naturel}, Variation{- 0.042%}}
2016-11-04T10:35:14.477+01:00 INFO    SimulatorItemWrapper{entity=MatierePremiere{Prix{2016-11-04 10:35:14 38114433, 320.762}, Blé, Cours blé}, Variation{- 0.042%}}
2016-11-04T10:35:14.498+01:00 INFO    SimulatorItemWrapper{entity=MatierePremiere{Prix{2016-11-04 10:35:14 38114412, 855.650}, Platine, Cours platine}, Variation{- 0.037%}}
2016-11-04T10:35:14.525+01:00 INFO    SimulatorItemWrapper{entity=MatierePremiere{Prix{2016-11-04 10:35:14 38114498, 817.027}, Platine, Cours platine}, Variation{- 0.046%}}
2016-11-04T10:35:14.546+01:00 INFO    SimulatorItemWrapper{entity=MatierePremiere{Prix{2016-11-04 10:35:14 38114404, 39.230}, Brebt oil, Cours brent}, Variation{+ 0.028%}}
2016-11-04T10:35:14.568+01:00 INFO    SimulatorItemWrapper{entity=MatierePremiere{Prix{2016-11-04 10:35:14 38114386, 58.699}, Coton, Cours coton}, Variation{+ 0.046%}}
2016-11-04T10:35:14.576+01:00 INFO    SimulatorItemWrapper{entity=MatierePremiere{Prix{2016-11-04 10:35:14 38114323, 479.804}, Soja, Cours soja}, Variation{- 0.015%}}
2016-11-04T10:35:14.593+01:00 INFO    SimulatorItemWrapper{entity=MatierePremiere{Prix{2016-11-04 10:35:14 38114477, 304.806}, Blé, Cours blé}, Variation{- 0.050%}}
2016-11-04T10:35:14.612+01:00 INFO    SimulatorItemWrapper{entity=MatierePremiere{Prix{2016-11-04 10:35:14 38114576, 487.098}, Soja, Cours soja}, Variation{+ 0.016%}}
2016-11-04T10:35:14.617+01:00 INFO    SimulatorItemWrapper{entity=MatierePremiere{Prix{2016-11-04 10:35:14 38114525, 788.702}, Platine, Cours platine}, Variation{- 0.035%}}
2016-11-04T10:35:14.626+01:00 INFO    SimulatorItemWrapper{entity=MatierePremiere{Prix{2016-11-04 10:35:14 38114304, 50.373}, Pétrole, Cours pétrole}, Variation{- 0.017%}}
2016-11-04T10:35:14.643+01:00 INFO    SimulatorItemWrapper{entity=MatierePremiere{Prix{2016-11-04 10:35:14 38114612, 471.599}, Soja, Cours soja}, Variation{- 0.032%}}
2016-11-04T10:35:14.645+01:00 INFO    SimulatorItemWrapper{entity=MatierePremiere{Prix{2016-11-04 10:35:14 38114164, 103.267}, Café C, Cours café}, Variation{+ 0.033%}}
2016-11-04T10:35:14.647+01:00 INFO    SimulatorItemWrapper{entity=MatierePremiere{Prix{2016-11-04 10:35:14 38114466, 57.784}, Gaz naturel, Cours gaz naturel}, Variation{- 0.049%}}
2016-11-04T10:35:14.729+01:00 INFO    SimulatorItemWrapper{entity=MatierePremiere{Prix{2016-11-04 10:35:14 38114339, 1098.263}, Or, Cours or}, Variation{- 0.012%}}
2016-11-04T10:35:14.789+01:00 INFO    SimulatorItemWrapper{entity=MatierePremiere{Prix{2016-11-04 10:35:14 38114643, 484.929}, Soja, Cours soja}, Variation{+ 0.029%}}
2016-11-04T10:35:14.829+01:00 INFO    SimulatorItemWrapper{entity=MatierePremiere{Prix{2016-11-04 10:35:14 38114729, 1067.437}, Or, Cours or}, Variation{- 0.029%}}
2016-11-04T10:35:14.879+01:00 INFO    SimulatorItemWrapper{entity=MatierePremiere{Prix{2016-11-04 10:35:14 38114546, 40.234}, Brebt oil, Cours brent}, Variation{+ 0.026%}}
2016-11-04T10:35:14.884+01:00 INFO    SimulatorItemWrapper{entity=MatierePremiere{Prix{2016-11-04 10:35:14 38114647, 56.998}, Gaz naturel, Cours gaz naturel}, Variation{- 0.014%}}
2016-11-04T10:35:14.925+01:00 INFO    SimulatorItemWrapper{entity=MatierePremiere{Prix{2016-11-04 10:35:14 38114626, 49.331}, Pétrole, Cours pétrole}, Variation{- 0.021%}}
2016-11-04T10:35:14.952+01:00 INFO    SimulatorItemWrapper{entity=MatierePremiere{Prix{2016-11-04 10:35:14 38114568, 59.424}, Coton, Cours coton}, Variation{+ 0.013%}}
2016-11-04T10:35:14.970+01:00 INFO    SimulatorItemWrapper{entity=MatierePremiere{Prix{2016-11-04 10:35:14 38114789, 466.007}, Soja, Cours soja}, Variation{- 0.040%}}
2016-11-04T10:35:14.971+01:00 INFO    SimulatorItemWrapper{entity=MatierePremiere{Prix{2016-11-04 10:35:14 38114593, 297.579}, Blé, Cours blé}, Variation{- 0.024%}}
2016-11-04T10:35:15.039+01:00 INFO    SimulatorItemWrapper{entity=MatierePremiere{Prix{2016-11-04 10:35:14 38114617, 765.031}, Platine, Cours platine}, Variation{- 0.031%}}
2016-11-04T10:35:15.060+01:00 INFO    SimulatorItemWrapper{entity=MatierePremiere{Prix{2016-11-04 10:35:14 38114970, 480.815}, Soja, Cours soja}, Variation{+ 0.032%}}
2016-11-04T10:35:15.098+01:00 INFO    SimulatorItemWrapper{entity=MatierePremiere{Prix{2016-11-04 10:35:14 38114645, 106.592}, Café C, Cours café}, Variation{+ 0.033%}}
2016-11-04T10:35:15.227+01:00 INFO    SimulatorItemWrapper{entity=MatierePremiere{Prix{2016-11-04 10:35:14 38114884, 54.688}, Gaz naturel, Cours gaz naturel}, Variation{- 0.041%}}
2016-11-04T10:35:15.256+01:00 INFO    SimulatorItemWrapper{entity=MatierePremiere{Prix{2016-11-04 10:35:14 38114829, 1019.887}, Or, Cours or}, Variation{- 0.045%}}
2016-11-04T10:35:15.265+01:00 INFO    SimulatorItemWrapper{entity=MatierePremiere{Prix{2016-11-04 10:35:15 38115227, 53.274}, Gaz naturel, Cours gaz naturel}, Variation{- 0.026%}}
2016-11-04T10:35:15.273+01:00 INFO    SimulatorItemWrapper{entity=MatierePremiere{Prix{2016-11-04 10:35:14 38114952, 62.387}, Coton, Cours coton}, Variation{+ 0.050%}}
2016-11-04T10:35:15.306+01:00 INFO    SimulatorItemWrapper{entity=MatierePremiere{Prix{2016-11-04 10:35:14 38114925, 47.553}, Pétrole, Cours pétrole}, Variation{- 0.037%}}
2016-11-04T10:35:15.317+01:00 INFO    SimulatorItemWrapper{entity=MatierePremiere{Prix{2016-11-04 10:35:14 38114879, 42.048}, Brebt oil, Cours brent}, Variation{+ 0.046%}}
2016-11-04T10:35:15.346+01:00 INFO    SimulatorItemWrapper{entity=MatierePremiere{Prix{2016-11-04 10:35:15 38115273, 63.270}, Coton, Cours coton}, Variation{+ 0.015%}}
2016-11-04T10:35:15.384+01:00 INFO    SimulatorItemWrapper{entity=MatierePremiere{Prix{2016-11-04 10:35:14 38114971, 283.735}, Blé, Cours blé}, Variation{- 0.047%}}
2016-11-04T10:35:15.385+01:00 INFO    SimulatorItemWrapper{entity=MatierePremiere{Prix{2016-11-04 10:35:15 38115346, 64.962}, Coton, Cours coton}, Variation{+ 0.027%}}
2016-11-04T10:35:15.480+01:00 INFO    SimulatorItemWrapper{entity=MatierePremiere{Prix{2016-11-04 10:35:15 38115384, 274.574}, Blé, Cours blé}, Variation{- 0.033%}}
2016-11-04T10:35:15.506+01:00 INFO    SimulatorItemWrapper{entity=MatierePremiere{Prix{2016-11-04 10:35:15 38115060, 459.982}, Soja, Cours soja}, Variation{- 0.044%}}
2016-11-04T10:35:15.507+01:00 INFO    SimulatorItemWrapper{entity=MatierePremiere{Prix{2016-11-04 10:35:15 38115098, 110.820}, Café C, Cours café}, Variation{+ 0.040%}}
2016-11-04T10:35:15.517+01:00 INFO    SimulatorItemWrapper{entity=MatierePremiere{Prix{2016-11-04 10:35:15 38115306, 46.519}, Pétrole, Cours pétrole}, Variation{- 0.022%}}
2016-11-04T10:35:15.520+01:00 INFO    SimulatorItemWrapper{entity=MatierePremiere{Prix{2016-11-04 10:35:15 38115039, 743.773}, Platine, Cours platine}, Variation{- 0.028%}}
2016-11-04T10:35:15.532+01:00 INFO    SimulatorItemWrapper{entity=MatierePremiere{Prix{2016-11-04 10:35:15 38115507, 115.459}, Café C, Cours café}, Variation{+ 0.042%}}
2016-11-04T10:35:15.563+01:00 INFO    SimulatorItemWrapper{entity=MatierePremiere{Prix{2016-11-04 10:35:15 38115517, 44.329}, Pétrole, Cours pétrole}, Variation{- 0.048%}}
2016-11-04T10:35:15.580+01:00 INFO    SimulatorItemWrapper{entity=MatierePremiere{Prix{2016-11-04 10:35:15 38115265, 51.679}, Gaz naturel, Cours gaz naturel}, Variation{- 0.030%}}
2016-11-04T10:35:15.648+01:00 INFO    SimulatorItemWrapper{entity=MatierePremiere{Prix{2016-11-04 10:35:15 38115563, 42.509}, Pétrole, Cours pétrole}, Variation{- 0.042%}}
2016-11-04T10:35:15.661+01:00 INFO    SimulatorItemWrapper{entity=MatierePremiere{Prix{2016-11-04 10:35:15 38115520, 729.223}, Platine, Cours platine}, Variation{- 0.020%}}
2016-11-04T10:35:15.661+01:00 INFO    SimulatorItemWrapper{entity=MatierePremiere{Prix{2016-11-04 10:35:15 38115480, 261.500}, Blé, Cours blé}, Variation{- 0.048%}}
2016-11-04T10:35:15.678+01:00 INFO    SimulatorItemWrapper{entity=MatierePremiere{Prix{2016-11-04 10:35:15 38115506, 474.216}, Soja, Cours soja}, Variation{+ 0.031%}}
2016-11-04T10:35:15.681+01:00 INFO    SimulatorItemWrapper{entity=MatierePremiere{Prix{2016-11-04 10:35:15 38115317, 43.335}, Brebt oil, Cours brent}, Variation{+ 0.031%}}
2016-11-04T10:35:15.703+01:00 INFO    SimulatorItemWrapper{entity=MatierePremiere{Prix{2016-11-04 10:35:15 38115385, 66.521}, Coton, Cours coton}, Variation{+ 0.024%}}
2016-11-04T10:35:15.704+01:00 INFO    SimulatorItemWrapper{entity=MatierePremiere{Prix{2016-11-04 10:35:15 38115256, 981.483}, Or, Cours or}, Variation{- 0.038%}}
2016-11-04T10:35:15.842+01:00 INFO    SimulatorItemWrapper{entity=MatierePremiere{Prix{2016-11-04 10:35:15 38115532, 119.536}, Café C, Cours café}, Variation{+ 0.036%}}
2016-11-04T10:35:15.892+01:00 INFO    SimulatorItemWrapper{entity=MatierePremiere{Prix{2016-11-04 10:35:15 38115843, 123.530}, Café C, Cours café}, Variation{+ 0.034%}}
2016-11-04T10:35:15.902+01:00 INFO    SimulatorItemWrapper{entity=MatierePremiere{Prix{2016-11-04 10:35:15 38115661, 703.627}, Platine, Cours platine}, Variation{- 0.036%}}
2016-11-04T10:35:15.906+01:00 INFO    SimulatorItemWrapper{entity=MatierePremiere{Prix{2016-11-04 10:35:15 38115681, 43.900}, Brebt oil, Cours brent}, Variation{+ 0.014%}}
2016-11-04T10:35:15.938+01:00 INFO    SimulatorItemWrapper{entity=MatierePremiere{Prix{2016-11-04 10:35:15 38115703, 69.846}, Coton, Cours coton}, Variation{+ 0.050%}}
2016-11-04T10:35:15.973+01:00 INFO    SimulatorItemWrapper{entity=MatierePremiere{Prix{2016-11-04 10:35:15 38115678, 468.289}, Soja, Cours soja}, Variation{- 0.013%}}
2016-11-04T10:35:16.002+01:00 INFO    SimulatorItemWrapper{entity=MatierePremiere{Prix{2016-11-04 10:35:15 38115580, 50.863}, Gaz naturel, Cours gaz naturel}, Variation{- 0.016%}}
2016-11-04T10:35:16.034+01:00 INFO    SimulatorItemWrapper{entity=MatierePremiere{Prix{2016-11-04 10:35:15 38115648, 40.786}, Pétrole, Cours pétrole}, Variation{- 0.041%}}
2016-11-04T10:35:16.078+01:00 INFO    SimulatorItemWrapper{entity=MatierePremiere{Prix{2016-11-04 10:35:15 38115704, 940.245}, Or, Cours or}, Variation{- 0.043%}}
2016-11-04T10:35:16.079+01:00 INFO    SimulatorItemWrapper{entity=MatierePremiere{Prix{2016-11-04 10:35:15 38115892, 125.500}, Café C, Cours café}, Variation{+ 0.016%}}
2016-11-04T10:35:16.109+01:00 INFO    SimulatorItemWrapper{entity=MatierePremiere{Prix{2016-11-04 10:35:15 38115973, 477.664}, Soja, Cours soja}, Variation{+ 0.021%}}
2016-11-04T10:35:16.143+01:00 INFO    SimulatorItemWrapper{entity=MatierePremiere{Prix{2016-11-04 10:35:15 38115661, 253.197}, Blé, Cours blé}, Variation{- 0.032%}}
2016-11-04T10:35:16.144+01:00 INFO    SimulatorItemWrapper{entity=MatierePremiere{Prix{2016-11-04 10:35:15 38115902, 687.273}, Platine, Cours platine}, Variation{- 0.024%}}
2016-11-04T10:35:16.162+01:00 INFO    SimulatorItemWrapper{entity=MatierePremiere{Prix{2016-11-04 10:35:15 38115938, 71.239}, Coton, Cours coton}, Variation{+ 0.020%}}
2016-11-04T10:35:16.235+01:00 INFO    SimulatorItemWrapper{entity=MatierePremiere{Prix{2016-11-04 10:35:15 38115906, 44.872}, Brebt oil, Cours brent}, Variation{+ 0.023%}}
2016-11-04T10:35:16.295+01:00 INFO    SimulatorItemWrapper{entity=MatierePremiere{Prix{2016-11-04 10:35:16 38116078, 895.448}, Or, Cours or}, Variation{- 0.048%}}
2016-11-04T10:35:16.364+01:00 INFO    SimulatorItemWrapper{entity=MatierePremiere{Prix{2016-11-04 10:35:16 38116235, 45.451}, Brebt oil, Cours brent}, Variation{+ 0.013%}}
2016-11-04T10:35:16.391+01:00 INFO    SimulatorItemWrapper{entity=MatierePremiere{Prix{2016-11-04 10:35:16 38116109, 464.537}, Soja, Cours soja}, Variation{- 0.028%}}
2016-11-04T10:35:16.392+01:00 INFO    SimulatorItemWrapper{entity=MatierePremiere{Prix{2016-11-04 10:35:16 38116144, 679.454}, Platine, Cours platine}, Variation{- 0.012%}}
2016-11-04T10:35:16.441+01:00 INFO    SimulatorItemWrapper{entity=MatierePremiere{Prix{2016-11-04 10:35:16 38116002, 48.535}, Gaz naturel, Cours gaz naturel}, Variation{- 0.046%}}
2016-11-04T10:35:16.452+01:00 INFO    SimulatorItemWrapper{entity=MatierePremiere{Prix{2016-11-04 10:35:16 38116162, 74.436}, Coton, Cours coton}, Variation{+ 0.045%}}
2016-11-04T10:35:16.487+01:00 INFO    SimulatorItemWrapper{entity=MatierePremiere{Prix{2016-11-04 10:35:16 38116034, 40.170}, Pétrole, Cours pétrole}, Variation{- 0.016%}}
2016-11-04T10:35:16.560+01:00 INFO    SimulatorItemWrapper{entity=MatierePremiere{Prix{2016-11-04 10:35:16 38116079, 130.176}, Café C, Cours café}, Variation{+ 0.038%}}
2016-11-04T10:35:16.581+01:00 INFO    SimulatorItemWrapper{entity=MatierePremiere{Prix{2016-11-04 10:35:16 38116143, 243.677}, Blé, Cours blé}, Variation{- 0.038%}}
2016-11-04T10:35:16.590+01:00 INFO    SimulatorItemWrapper{entity=MatierePremiere{Prix{2016-11-04 10:35:16 38116295, 869.651}, Or, Cours or}, Variation{- 0.029%}}
2016-11-04T10:35:16.597+01:00 INFO    SimulatorItemWrapper{entity=MatierePremiere{Prix{2016-11-04 10:35:16 38116560, 136.273}, Café C, Cours café}, Variation{+ 0.047%}}
2016-11-04T10:35:16.649+01:00 INFO    SimulatorItemWrapper{entity=MatierePremiere{Prix{2016-11-04 10:35:16 38116391, 469.308}, Soja, Cours soja}, Variation{+ 0.011%}}
2016-11-04T10:35:16.719+01:00 INFO    SimulatorItemWrapper{entity=MatierePremiere{Prix{2016-11-04 10:35:16 38116487, 38.742}, Pétrole, Cours pétrole}, Variation{- 0.036%}}
2016-11-04T10:35:16.740+01:00 INFO    SimulatorItemWrapper{entity=MatierePremiere{Prix{2016-11-04 10:35:16 38116452, 77.358}, Coton, Cours coton}, Variation{+ 0.040%}}
2016-11-04T10:35:16.768+01:00 INFO    SimulatorItemWrapper{entity=MatierePremiere{Prix{2016-11-04 10:35:16 38116364, 46.241}, Brebt oil, Cours brent}, Variation{+ 0.018%}}
2016-11-04T10:35:16.864+01:00 INFO    SimulatorItemWrapper{entity=MatierePremiere{Prix{2016-11-04 10:35:16 38116392, 646.560}, Platine, Cours platine}, Variation{- 0.049%}}
2016-11-04T10:35:16.885+01:00 INFO    SimulatorItemWrapper{entity=MatierePremiere{Prix{2016-11-04 10:35:16 38116719, 38.223}, Pétrole, Cours pétrole}, Variation{- 0.014%}}
2016-11-04T10:35:16.888+01:00 INFO    SimulatorItemWrapper{entity=MatierePremiere{Prix{2016-11-04 10:35:16 38116649, 453.607}, Soja, Cours soja}, Variation{- 0.034%}}
2016-11-04T10:35:16.925+01:00 INFO    SimulatorItemWrapper{entity=MatierePremiere{Prix{2016-11-04 10:35:16 38116441, 46.679}, Gaz naturel, Cours gaz naturel}, Variation{- 0.039%}}
2016-11-04T10:35:16.946+01:00 INFO    SimulatorItemWrapper{entity=MatierePremiere{Prix{2016-11-04 10:35:16 38116885, 36.564}, Pétrole, Cours pétrole}, Variation{- 0.044%}}
2016-11-04T10:35:16.967+01:00 INFO    SimulatorItemWrapper{entity=MatierePremiere{Prix{2016-11-04 10:35:16 38116590, 831.494}, Or, Cours or}, Variation{- 0.044%}}
2016-11-04T10:35:16.978+01:00 INFO    SimulatorItemWrapper{entity=MatierePremiere{Prix{2016-11-04 10:35:16 38116597, 141.910}, Café C, Cours café}, Variation{+ 0.042%}}
2016-11-04T10:35:17.005+01:00 INFO    SimulatorItemWrapper{entity=MatierePremiere{Prix{2016-11-04 10:35:16 38116888, 470.878}, Soja, Cours soja}, Variation{+ 0.039%}}
